<?xml version="1.0" encoding="UTF-8"?>
<testsuite xmlns:xsi="http://www.w3.org/2001/XMLSchema-instance" xsi:noNamespaceSchemaLocation="https://maven.apache.org/surefire/maven-surefire-plugin/xsd/surefire-test-report.xsd" version="3.0.2" name="app.service.AssetManagerTest" time="0.667" tests="8" errors="0" skipped="0" failures="0" flakes="0">
  <properties>
[...]
</properties>
  <testcase name="retiredById" classname="app.service.AssetManagerTest" time="0.64">
    <system-err><![CDATA[Mockito is currently self-attaching to enable the inline-mock-maker. This will no longer work in future releases of the JDK. Please add Mockito as an agent to your build as described in Mockito's documentation: https://javadoc.io/doc/org.mockito/mockito-core/latest/org.mockito/org/mockito/Mockito.html#0.3
WARNING: A Java agent has been loaded dynamically (C:\Users\Latro\.m2\repository\net\bytebuddy\byte-buddy-agent\1.17.8\byte-buddy-agent-1.17.8.jar)
WARNING: If a serviceability tool is in use, please run with -XX:+EnableDynamicAgentLoading to hide this warning
WARNING: If a serviceability tool is not in use, please run with -Djdk.instrument.traceUsage for more information
WARNING: Dynamic loading of agents will be disallowed by default in a future release
]]></system-err>
  </testcase>
  <testcase name="findAll" classname="app.service.AssetManagerTest" time="0.001"/>
  <testcase name="findById" classname="app.service.AssetManagerTest" time="0.001"/>
  <testcase name="isDeployable" classname="app.service.AssetManagerTest" time="0.002"/>
  <testcase name="save" classname="app.service.AssetManagerTest" time="0.001"/>
  <testcase name="importNewAsset" classname="app.service.AssetManagerTest" time="0.001"/>
  <testcase name="importExistingAsset" classname="app.service.AssetManagerTest" time="0.002"/>
  <testcase name="retireNonexistentAsset" classname="app.service.AssetManagerTest" time="0.001"/>
</testsuite>